2024-12-06T09:39:05.479+03:00  INFO 26056 --- [books_service] [main] c.e.b.BooksServiceApplication            : Starting BooksServiceApplication using Java 21.0.5 with PID 26056 (D:\Leva\IT\Modsen\book_service\backup\book_service\target\classes started by User in D:\Leva\IT\Modsen\book_service\backup\book_service)
2024-12-06T09:39:05.493+03:00  INFO 26056 --- [books_service] [main] c.e.b.BooksServiceApplication            : No active profile set, falling back to 1 default profile: "default"
2024-12-06T09:39:06.284+03:00  INFO 26056 --- [books_service] [main] .s.d.r.c.RepositoryConfigurationDelegate : Bootstrapping Spring Data JPA repositories in DEFAULT mode.
2024-12-06T09:39:06.386+03:00  INFO 26056 --- [books_service] [main] .s.d.r.c.RepositoryConfigurationDelegate : Finished Spring Data repository scanning in 83 ms. Found 3 JPA repository interfaces.
2024-12-06T09:39:06.987+03:00  INFO 26056 --- [books_service] [main] o.s.b.w.embedded.tomcat.TomcatWebServer  : Tomcat initialized with port 8080 (http)
2024-12-06T09:39:07.003+03:00  INFO 26056 --- [books_service] [main] o.apache.catalina.core.StandardService   : Starting service [Tomcat]
2024-12-06T09:39:07.003+03:00  INFO 26056 --- [books_service] [main] o.apache.catalina.core.StandardEngine    : Starting Servlet engine: [Apache Tomcat/10.1.33]
2024-12-06T09:39:07.055+03:00  INFO 26056 --- [books_service] [main] o.a.c.c.C.[Tomcat].[localhost].[/]       : Initializing Spring embedded WebApplicationContext
2024-12-06T09:39:07.055+03:00  INFO 26056 --- [books_service] [main] w.s.c.ServletWebServerApplicationContext : Root WebApplicationContext: initialization completed in 1510 ms
2024-12-06T09:39:07.203+03:00  INFO 26056 --- [books_service] [main] com.zaxxer.hikari.HikariDataSource       : HikariPool-1 - Starting...
2024-12-06T09:39:07.419+03:00  INFO 26056 --- [books_service] [main] com.zaxxer.hikari.pool.HikariPool        : HikariPool-1 - Added connection org.postgresql.jdbc.PgConnection@3dc40ab9
2024-12-06T09:39:07.419+03:00  INFO 26056 --- [books_service] [main] com.zaxxer.hikari.HikariDataSource       : HikariPool-1 - Start completed.
2024-12-06T09:39:08.158+03:00  INFO 26056 --- [books_service] [main] liquibase.changelog                      : Reading from public.databasechangelog
2024-12-06T09:39:08.224+03:00  INFO 26056 --- [books_service] [main] liquibase.changelog                      : Reading from public.databasechangelog
2024-12-06T09:39:08.224+03:00  INFO 26056 --- [books_service] [main] liquibase.util                           : UPDATE SUMMARY
2024-12-06T09:39:08.224+03:00  INFO 26056 --- [books_service] [main] liquibase.util                           : Run:                          0
2024-12-06T09:39:08.224+03:00  INFO 26056 --- [books_service] [main] liquibase.util                           : Previously run:               6
2024-12-06T09:39:08.224+03:00  INFO 26056 --- [books_service] [main] liquibase.util                           : Filtered out:                 0
2024-12-06T09:39:08.224+03:00  INFO 26056 --- [books_service] [main] liquibase.util                           : -------------------------------
2024-12-06T09:39:08.224+03:00  INFO 26056 --- [books_service] [main] liquibase.util                           : Total change sets:            6

2024-12-06T09:39:08.224+03:00  INFO 26056 --- [books_service] [main] liquibase.util                           : Update summary generated
2024-12-06T09:39:08.242+03:00  INFO 26056 --- [books_service] [main] liquibase.lockservice                    : Successfully released change log lock
2024-12-06T09:39:08.242+03:00  INFO 26056 --- [books_service] [main] liquibase.command                        : Command execution complete
2024-12-06T09:39:08.342+03:00  INFO 26056 --- [books_service] [main] o.hibernate.jpa.internal.util.LogHelper  : HHH000204: Processing PersistenceUnitInfo [name: default]
2024-12-06T09:39:08.421+03:00  INFO 26056 --- [books_service] [main] org.hibernate.Version                    : HHH000412: Hibernate ORM core version 6.6.2.Final
2024-12-06T09:39:08.458+03:00  INFO 26056 --- [books_service] [main] o.h.c.internal.RegionFactoryInitiator    : HHH000026: Second-level cache disabled
2024-12-06T09:39:08.721+03:00  INFO 26056 --- [books_service] [main] o.s.o.j.p.SpringPersistenceUnitInfo      : No LoadTimeWeaver setup: ignoring JPA class transformer
2024-12-06T09:39:08.790+03:00  INFO 26056 --- [books_service] [main] org.hibernate.orm.connections.pooling    : HHH10001005: Database info:
	Database JDBC URL [Connecting through datasource 'HikariDataSource (HikariPool-1)']
	Database driver: undefined/unknown
	Database version: 17.2
	Autocommit mode: undefined/unknown
	Isolation level: undefined/unknown
	Minimum pool size: undefined/unknown
	Maximum pool size: undefined/unknown
2024-12-06T09:39:08.790+03:00 DEBUG 26056 --- [books_service] [main] o.h.t.d.sql.spi.DdlTypeRegistry          : addDescriptor(2003, org.hibernate.type.descriptor.sql.internal.ArrayDdlTypeImpl@3c2e73ce) replaced previous registration(org.hibernate.type.descriptor.sql.internal.ArrayDdlTypeImpl@3891db3a)
2024-12-06T09:39:08.790+03:00 DEBUG 26056 --- [books_service] [main] o.h.t.d.sql.spi.DdlTypeRegistry          : addDescriptor(6, org.hibernate.type.descriptor.sql.internal.CapacityDependentDdlType@4a778943) replaced previous registration(org.hibernate.type.descriptor.sql.internal.DdlTypeImpl@7925e772)
2024-12-06T09:39:09.577+03:00  INFO 26056 --- [books_service] [main] o.h.e.t.j.p.i.JtaPlatformInitiator       : HHH000489: No JTA platform available (set 'hibernate.transaction.jta.platform' to enable JTA platform integration)
2024-12-06T09:39:09.577+03:00  INFO 26056 --- [books_service] [main] j.LocalContainerEntityManagerFactoryBean : Initialized JPA EntityManagerFactory for persistence unit 'default'
2024-12-06T09:39:09.892+03:00  INFO 26056 --- [books_service] [main] o.s.d.j.r.query.QueryEnhancerFactory     : Hibernate is in classpath; If applicable, HQL parser will be used.
2024-12-06T09:39:10.446+03:00  WARN 26056 --- [books_service] [main] JpaBaseConfiguration$JpaWebConfiguration : spring.jpa.open-in-view is enabled by default. Therefore, database queries may be performed during view rendering. Explicitly configure spring.jpa.open-in-view to disable this warning
2024-12-06T09:39:10.847+03:00  INFO 26056 --- [books_service] [main] o.s.b.w.embedded.tomcat.TomcatWebServer  : Tomcat started on port 8080 (http) with context path '/'
2024-12-06T09:39:10.847+03:00  INFO 26056 --- [books_service] [main] c.e.b.BooksServiceApplication            : Started BooksServiceApplication in 5.934 seconds (process running for 6.405)
2024-12-06T09:39:13.625+03:00  INFO 26056 --- [books_service] [SpringApplicationShutdownHook] o.s.b.w.e.tomcat.GracefulShutdown        : Commencing graceful shutdown. Waiting for active requests to complete
2024-12-06T09:39:13.625+03:00  INFO 26056 --- [books_service] [tomcat-shutdown] o.s.b.w.e.tomcat.GracefulShutdown        : Graceful shutdown complete
2024-12-06T09:39:13.640+03:00  INFO 26056 --- [books_service] [SpringApplicationShutdownHook] j.LocalContainerEntityManagerFactoryBean : Closing JPA EntityManagerFactory for persistence unit 'default'
2024-12-06T09:39:13.640+03:00  INFO 26056 --- [books_service] [SpringApplicationShutdownHook] com.zaxxer.hikari.HikariDataSource       : HikariPool-1 - Shutdown initiated...
2024-12-06T09:39:13.640+03:00  INFO 26056 --- [books_service] [SpringApplicationShutdownHook] com.zaxxer.hikari.HikariDataSource       : HikariPool-1 - Shutdown completed.
